<?xml version="1.0" encoding="UTF-8"?>
<!-- Generated by org.testng.reporters.JUnitReportReporter -->
<testsuite hostname="DESKTOP-2EF1SFM" failures="0" tests="1" name="scripts.TC1_EditUserDetails" time="29.151" errors="0" timestamp="12 Oct 2020 21:43:40 GMT">
  <testcase classname="scripts.TC1_EditUserDetails" name="editEmployeeDetails" time="29.151"/>
</testsuite> <!-- scripts.TC1_EditUserDetails -->
