<?xml version="1.0" encoding="UTF-8"?>
<!-- Generated by org.testng.reporters.JUnitReportReporter -->
<testsuite hostname="DESKTOP-PDEGVPD" failures="0" tests="1" name="scripts.TC3_forgotPassword" time="8.332" errors="0" timestamp="16 Oct 2020 22:16:12 GMT">
  <testcase classname="scripts.TC3_forgotPassword" name="forgotPassword" time="8.332"/>
</testsuite> <!-- scripts.TC3_forgotPassword -->
