<?xml version="1.0" encoding="UTF-8"?>
<!-- Generated by org.testng.reporters.JUnitReportReporter -->
<testsuite hostname="DESKTOP-CJB6RNK" failures="0" tests="1" name="scripts.TC2_launchOrangeHRM" time="12.037" errors="0" timestamp="22 Oct 2020 00:24:10 GMT">
  <testcase classname="scripts.TC2_launchOrangeHRM" name="launchOrangeHRM" time="12.037"/>
</testsuite> <!-- scripts.TC2_launchOrangeHRM -->
