<?xml version="1.0" encoding="UTF-8"?>
<!-- Generated by org.testng.reporters.JUnitReportReporter -->
<testsuite hostname="DESKTOP-PDEGVPD" failures="0" tests="1" name="scripts.TC3_forgotPassword" time="8.870" errors="0" timestamp="17 Oct 2020 03:50:13 GMT">
  <testcase classname="scripts.TC3_forgotPassword" name="forgotPassword" time="8.870"/>
</testsuite> <!-- scripts.TC3_forgotPassword -->
