<?xml version="1.0" encoding="UTF-8"?>
<!-- Generated by org.testng.reporters.JUnitReportReporter -->
<testsuite hostname="DESKTOP-CJB6RNK" failures="0" tests="1" name="scripts.TC1_EditUserDetails" time="13.965" errors="0" timestamp="10 Nov 2020 19:57:10 GMT">
  <testcase classname="scripts.TC1_EditUserDetails" name="editEmployeeDetails" time="13.965"/>
</testsuite> <!-- scripts.TC1_EditUserDetails -->
