<?xml version="1.0" encoding="UTF-8"?>
<!-- Generated by org.testng.reporters.JUnitReportReporter -->
<testsuite hostname="DESKTOP-CJB6RNK" failures="0" tests="1" name="scripts.TC3_forgotPassword" time="9.085" errors="0" timestamp="22 Oct 2020 00:24:09 GMT">
  <testcase classname="scripts.TC3_forgotPassword" name="forgotPassword" time="9.085"/>
</testsuite> <!-- scripts.TC3_forgotPassword -->
