<?xml version="1.0" encoding="UTF-8"?>
<!-- Generated by org.testng.reporters.JUnitReportReporter -->
<testsuite hostname="DESKTOP-CJB6RNK" failures="0" tests="1" name="scripts.TC2_launchOrangeHRM" time="13.688" errors="0" timestamp="20 Oct 2020 18:40:01 GMT">
  <testcase classname="scripts.TC2_launchOrangeHRM" name="launchOrangeHRM" time="13.688"/>
</testsuite> <!-- scripts.TC2_launchOrangeHRM -->
