<?xml version="1.0" encoding="UTF-8"?>
<!-- Generated by org.testng.reporters.JUnitReportReporter -->
<testsuite hostname="DESKTOP-PDEGVPD" failures="0" tests="1" name="scripts.TC3_forgotPassword" time="8.633" errors="0" timestamp="15 Oct 2020 23:11:01 GMT">
  <testcase classname="scripts.TC3_forgotPassword" name="forgotPassword" time="8.633"/>
</testsuite> <!-- scripts.TC3_forgotPassword -->
