<?xml version="1.0" encoding="UTF-8"?>
<!-- Generated by org.testng.reporters.JUnitReportReporter -->
<testsuite hostname="DESKTOP-PDEGVPD" failures="0" tests="1" name="scripts.TC2_launchOrangeHRM" time="10.973" errors="0" timestamp="17 Oct 2020 03:50:13 GMT">
  <testcase classname="scripts.TC2_launchOrangeHRM" name="launchOrangeHRM" time="10.973"/>
</testsuite> <!-- scripts.TC2_launchOrangeHRM -->
