<?xml version="1.0" encoding="UTF-8"?>
<!-- Generated by org.testng.reporters.JUnitReportReporter -->
<testsuite hostname="DESKTOP-PDEGVPD" failures="0" tests="1" name="scripts.TC1_EditUserDetails" time="11.052" errors="0" timestamp="16 Oct 2020 22:16:12 GMT">
  <testcase classname="scripts.TC1_EditUserDetails" name="editEmployeeDetails" time="11.052"/>
</testsuite> <!-- scripts.TC1_EditUserDetails -->
