<?xml version="1.0" encoding="UTF-8"?>
<!-- Generated by org.testng.reporters.JUnitReportReporter -->
<testsuite hostname="DESKTOP-PDEGVPD" failures="0" tests="1" name="scripts.TC2_launchOrangeHRM" time="11.027" errors="0" timestamp="15 Oct 2020 21:57:14 GMT">
  <testcase classname="scripts.TC2_launchOrangeHRM" name="launchOrangeHRM" time="11.027"/>
</testsuite> <!-- scripts.TC2_launchOrangeHRM -->
