<?xml version="1.0" encoding="UTF-8"?>
<!-- Generated by org.testng.reporters.JUnitReportReporter -->
<testsuite hostname="DESKTOP-CJB6RNK" failures="0" tests="1" name="scripts.TC1_EditUserDetails" time="12.652" errors="1" timestamp="22 Oct 2020 00:24:10 GMT">
  <testcase classname="scripts.TC1_EditUserDetails" name="editEmployeeDetails" time="12.652">
    <error message="employeeList_SubMenu has not been clicked" type="java.lang.AssertionError">
      <![CDATA[java.lang.AssertionError: employeeList_SubMenu has not been clicked
	at org.junit.Assert.fail(Assert.java:93)
	at generic.BasePage.clickOnElement(BasePage.java:89)
	at pom.LoginPage.clickEmployeeListSubMenu(LoginPage.java:71)
	at scripts.TC1_EditUserDetails.editEmployeeDetails(TC1_EditUserDetails.java:54)
	at java.base/jdk.internal.reflect.NativeMethodAccessorImpl.invoke0(Native Method)
	at java.base/jdk.internal.reflect.NativeMethodAccessorImpl.invoke(NativeMethodAccessorImpl.java:62)
	at java.base/jdk.internal.reflect.DelegatingMethodAccessorImpl.invoke(DelegatingMethodAccessorImpl.java:43)
	at java.base/java.lang.reflect.Method.invoke(Method.java:564)
	at org.testng.internal.MethodInvocationHelper.invokeMethod(MethodInvocationHelper.java:80)
	at org.testng.internal.Invoker.invokeMethod(Invoker.java:714)
	at org.testng.internal.Invoker.invokeTestMethod(Invoker.java:901)
	at org.testng.internal.Invoker.invokeTestMethods(Invoker.java:1231)
	at org.testng.internal.TestMethodWorker.invokeTestMethods(TestMethodWorker.java:127)
	at org.testng.internal.TestMethodWorker.run(TestMethodWorker.java:111)
	at java.base/java.util.concurrent.ThreadPoolExecutor.runWorker(ThreadPoolExecutor.java:1130)
	at java.base/java.util.concurrent.ThreadPoolExecutor$Worker.run(ThreadPoolExecutor.java:630)
	at java.base/java.lang.Thread.run(Thread.java:832)
]]>
    </error>
  </testcase> <!-- editEmployeeDetails -->
</testsuite> <!-- scripts.TC1_EditUserDetails -->
