<?xml version="1.0" encoding="UTF-8"?>
<!-- Generated by org.testng.reporters.JUnitReportReporter -->
<testsuite hostname="DESKTOP-PDEGVPD" failures="0" tests="1" name="scripts.TC1_EditUserDetails" time="11.314" errors="0" timestamp="15 Oct 2020 21:57:14 GMT">
  <testcase classname="scripts.TC1_EditUserDetails" name="editEmployeeDetails" time="11.314"/>
</testsuite> <!-- scripts.TC1_EditUserDetails -->
