<?xml version="1.0" encoding="UTF-8"?>
<!-- Generated by org.testng.reporters.JUnitReportReporter -->
<testsuite hostname="DESKTOP-CJB6RNK" failures="0" tests="1" name="scripts.TC3_forgotPassword" time="10.034" errors="0" timestamp="20 Oct 2020 18:40:01 GMT">
  <testcase classname="scripts.TC3_forgotPassword" name="forgotPassword" time="10.034"/>
</testsuite> <!-- scripts.TC3_forgotPassword -->
