<?xml version="1.0" encoding="UTF-8"?>
<!-- Generated by org.testng.reporters.JUnitReportReporter -->
<testsuite hostname="DESKTOP-CJB6RNK" failures="0" tests="1" name="scripts.TC3_forgotPassword" time="9.985" errors="0" timestamp="23 Oct 2020 22:04:55 GMT">
  <testcase classname="scripts.TC3_forgotPassword" name="forgotPassword" time="9.985"/>
</testsuite> <!-- scripts.TC3_forgotPassword -->
