<?xml version="1.0" encoding="UTF-8"?>
<!-- Generated by org.testng.reporters.JUnitReportReporter -->
<testsuite hostname="DESKTOP-CJB6RNK" failures="0" tests="1" name="scripts.TC1_EditUserDetails" time="12.449" errors="0" timestamp="7 Nov 2020 22:55:23 GMT">
  <testcase classname="scripts.TC1_EditUserDetails" name="editEmployeeDetails" time="12.449"/>
</testsuite> <!-- scripts.TC1_EditUserDetails -->
