<?xml version="1.0" encoding="UTF-8"?>
<!-- Generated by org.testng.reporters.JUnitReportReporter -->
<testsuite hostname="DESKTOP-CJB6RNK" failures="0" tests="1" name="scripts.TC2_launchOrangeHRM" time="10.643" errors="0" timestamp="7 Nov 2020 22:55:23 GMT">
  <testcase classname="scripts.TC2_launchOrangeHRM" name="launchOrangeHRM" time="10.643"/>
</testsuite> <!-- scripts.TC2_launchOrangeHRM -->
