<?xml version="1.0" encoding="UTF-8"?>
<!-- Generated by org.testng.reporters.JUnitReportReporter -->
<testsuite hostname="DESKTOP-CJB6RNK" failures="0" tests="1" name="scripts.TC1_EditUserDetails" time="12.813" errors="0" timestamp="5 Nov 2020 21:56:33 GMT">
  <testcase classname="scripts.TC1_EditUserDetails" name="editEmployeeDetails" time="12.813"/>
</testsuite> <!-- scripts.TC1_EditUserDetails -->
