<?xml version="1.0" encoding="UTF-8"?>
<!-- Generated by org.testng.reporters.JUnitReportReporter -->
<testsuite hostname="LTGO507368" name="scripts.TC1_EditUserDetails" tests="1" failures="0" timestamp="3 May 2020 22:11:27 GMT" time="37.789" errors="0">
  <testcase name="editEmployeeDetails" time="37.789" classname="scripts.TC1_EditUserDetails"/>
</testsuite> <!-- scripts.TC1_EditUserDetails -->
